# JRE version: OpenJDK Runtime Environment Temurin-21.0.10+7 (21.0.10+7) (build 21.0.10+7-LTS)
# Java VM: OpenJDK 64-Bit Server VM Temurin-21.0.10+7 (21.0.10+7-LTS, mixed mode, sharing, tiered, compressed oops, compressed class ptrs, parallel gc, windows-amd64)
GC Precious Log:
 CardTable entry size: 512
 CPUs: 8 total, 8 available
 Memory: 8067M
 Large Page Support: Disabled
 NUMA Support: Disabled
 Compressed Oops: Enabled (32-bit)
 Alignments: Space 512K, Generation 512K, Heap 2M
 Heap Min Capacity: 100M
 Heap Initial Capacity: 100M
 Heap Max Capacity: 2G
 Pre-touch: Disabled
 Parallel Workers: 8
Heap:
 PSYoungGen      total 14336K, used 3353K [0x00000000d5580000, 0x00000000d6480000, 0x0000000100000000)
  eden space 13312K, 19% used [0x00000000d5580000,0x00000000d58117a0,0x00000000d6280000)
  from space 1024K, 70% used [0x00000000d6280000,0x00000000d6334e88,0x00000000d6380000)
  to   space 1024K, 0% used [0x00000000d6380000,0x00000000d6380000,0x00000000d6480000)
 ParOldGen       total 68608K, used 53350K [0x0000000080000000, 0x0000000084300000, 0x00000000d5580000)
  object space 68608K, 77% used [0x0000000080000000,0x0000000083419b58,0x0000000084300000)
 Metaspace       used 56410K, committed 57856K, reserved 1114112K
  class space    used 6078K, committed 6720K, reserved 1048576K
GC Heap History (20 events):
Event: 27.797 GC heap before
{Heap before GC invocations=31 (full 2):
 PSYoungGen      total 15360K, used 14944K [0x00000000d5580000, 0x00000000d6800000, 0x0000000100000000)
  eden space 13312K, 100% used [0x00000000d5580000,0x00000000d6280000,0x00000000d6280000)
  from space 2048K, 79% used [0x00000000d6600000,0x00000000d6798010,0x00000000d6800000)
  to   space 2048K, 0% used [0x00000000d6400000,0x00000000d6400000,0x00000000d6600000)
 ParOldGen       total 68608K, used 44732K [0x0000000080000000, 0x0000000084300000, 0x00000000d5580000)
  object space 68608K, 65% used [0x0000000080000000,0x0000000082baf2c8,0x0000000084300000)
 Metaspace       used 49046K, committed 50368K, reserved 1114112K
  class space    used 5328K, committed 5952K, reserved 1048576K
}
Event: 27.802 GC heap after
{Heap after GC invocations=31 (full 2):
 PSYoungGen      total 14848K, used 1376K [0x00000000d5580000, 0x00000000d6680000, 0x0000000100000000)
  eden space 13312K, 0% used [0x00000000d5580000,0x00000000d5580000,0x00000000d6280000)
  from space 1536K, 89% used [0x00000000d6400000,0x00000000d6558000,0x00000000d6580000)
  to   space 1024K, 0% used [0x00000000d6580000,0x00000000d6580000,0x00000000d6680000)
 ParOldGen       total 68608K, used 46252K [0x0000000080000000, 0x0000000084300000, 0x00000000d5580000)
  object space 68608K, 67% used [0x0000000080000000,0x0000000082d2b2d8,0x0000000084300000)
 Metaspace       used 49046K, committed 50368K, reserved 1114112K
  class space    used 5328K, committed 5952K, reserved 1048576K
}
Event: 28.279 GC heap before
{Heap before GC invocations=32 (full 2):
 PSYoungGen      total 14848K, used 14688K [0x00000000d5580000, 0x00000000d6680000, 0x0000000100000000)
  eden space 13312K, 100% used [0x00000000d5580000,0x00000000d6280000,0x00000000d6280000)
  from space 1536K, 89% used [0x00000000d6400000,0x00000000d6558000,0x00000000d6580000)
  to   space 1024K, 0% used [0x00000000d6580000,0x00000000d6580000,0x00000000d6680000)
 ParOldGen       total 68608K, used 46252K [0x0000000080000000, 0x0000000084300000, 0x00000000d5580000)
  object space 68608K, 67% used [0x0000000080000000,0x0000000082d2b2d8,0x0000000084300000)
 Metaspace       used 49442K, committed 50816K, reserved 1114112K
  class space    used 5384K, committed 6016K, reserved 1048576K
}
Event: 28.283 GC heap after
{Heap after GC invocations=32 (full 2):
 PSYoungGen      total 14336K, used 1024K [0x00000000d5580000, 0x00000000d6880000, 0x0000000100000000)
  eden space 13312K, 0% used [0x00000000d5580000,0x00000000d5580000,0x00000000d6280000)
  from space 1024K, 100% used [0x00000000d6580000,0x00000000d6680000,0x00000000d6680000)
  to   space 3072K, 0% used [0x00000000d6280000,0x00000000d6280000,0x00000000d6580000)
 ParOldGen       total 68608K, used 47645K [0x0000000080000000, 0x0000000084300000, 0x00000000d5580000)
  object space 68608K, 69% used [0x0000000080000000,0x0000000082e874d8,0x0000000084300000)
 Metaspace       used 49442K, committed 50816K, reserved 1114112K
  class space    used 5384K, committed 6016K, reserved 1048576K
}
Event: 29.955 GC heap before
{Heap before GC invocations=33 (full 2):
 PSYoungGen      total 14336K, used 14323K [0x00000000d5580000, 0x00000000d6880000, 0x0000000100000000)
  eden space 13312K, 99% used [0x00000000d5580000,0x00000000d627cc40,0x00000000d6280000)
  from space 1024K, 100% used [0x00000000d6580000,0x00000000d6680000,0x00000000d6680000)
  to   space 3072K, 0% used [0x00000000d6280000,0x00000000d6280000,0x00000000d6580000)
 ParOldGen       total 68608K, used 47645K [0x0000000080000000, 0x0000000084300000, 0x00000000d5580000)
  object space 68608K, 69% used [0x0000000080000000,0x0000000082e874d8,0x0000000084300000)
 Metaspace       used 50933K, committed 52352K, reserved 1114112K
  class space    used 5574K, committed 6208K, reserved 1048576K
}
Event: 29.960 GC heap after
{Heap after GC invocations=33 (full 2):
 PSYoungGen      total 13824K, used 504K [0x00000000d5580000, 0x00000000d6600000, 0x0000000100000000)
  eden space 13312K, 0% used [0x00000000d5580000,0x00000000d5580000,0x00000000d6280000)
  from space 512K, 98% used [0x00000000d6280000,0x00000000d62fe2e8,0x00000000d6300000)
  to   space 1536K, 0% used [0x00000000d6480000,0x00000000d6480000,0x00000000d6600000)
 ParOldGen       total 68608K, used 48625K [0x0000000080000000, 0x0000000084300000, 0x00000000d5580000)
  object space 68608K, 70% used [0x0000000080000000,0x0000000082f7c7a0,0x0000000084300000)
 Metaspace       used 50933K, committed 52352K, reserved 1114112K
  class space    used 5574K, committed 6208K, reserved 1048576K
}
Event: 31.203 GC heap before
{Heap before GC invocations=34 (full 2):
 PSYoungGen      total 13824K, used 13816K [0x00000000d5580000, 0x00000000d6600000, 0x0000000100000000)
  eden space 13312K, 100% used [0x00000000d5580000,0x00000000d6280000,0x00000000d6280000)
  from space 512K, 98% used [0x00000000d6280000,0x00000000d62fe2e8,0x00000000d6300000)
  to   space 1536K, 0% used [0x00000000d6480000,0x00000000d6480000,0x00000000d6600000)
 ParOldGen       total 68608K, used 48625K [0x0000000080000000, 0x0000000084300000, 0x00000000d5580000)
  object space 68608K, 70% used [0x0000000080000000,0x0000000082f7c7a0,0x0000000084300000)
 Metaspace       used 51524K, committed 52928K, reserved 1114112K
  class space    used 5645K, committed 6272K, reserved 1048576K
}
Event: 31.206 GC heap after
{Heap after GC invocations=34 (full 2):
 PSYoungGen      total 13824K, used 320K [0x00000000d5580000, 0x00000000d6500000, 0x0000000100000000)
  eden space 13312K, 0% used [0x00000000d5580000,0x00000000d5580000,0x00000000d6280000)
  from space 512K, 62% used [0x00000000d6480000,0x00000000d64d0000,0x00000000d6500000)
  to   space 512K, 0% used [0x00000000d6280000,0x00000000d6280000,0x00000000d6300000)
 ParOldGen       total 68608K, used 49061K [0x0000000080000000, 0x0000000084300000, 0x00000000d5580000)
  object space 68608K, 71% used [0x0000000080000000,0x0000000082fe94c8,0x0000000084300000)
 Metaspace       used 51524K, committed 52928K, reserved 1114112K
  class space    used 5645K, committed 6272K, reserved 1048576K
}
Event: 31.613 GC heap before
{Heap before GC invocations=35 (full 2):
 PSYoungGen      total 13824K, used 13632K [0x00000000d5580000, 0x00000000d6500000, 0x0000000100000000)
  eden space 13312K, 100% used [0x00000000d5580000,0x00000000d6280000,0x00000000d6280000)
  from space 512K, 62% used [0x00000000d6480000,0x00000000d64d0000,0x00000000d6500000)
  to   space 512K, 0% used [0x00000000d6280000,0x00000000d6280000,0x00000000d6300000)
 ParOldGen       total 68608K, used 49061K [0x0000000080000000, 0x0000000084300000, 0x00000000d5580000)
  object space 68608K, 71% used [0x0000000080000000,0x0000000082fe94c8,0x0000000084300000)
 Metaspace       used 52342K, committed 53760K, reserved 1114112K
  class space    used 5725K, committed 6400K, reserved 1048576K
}
Event: 31.615 GC heap after
{Heap after GC invocations=35 (full 2):
 PSYoungGen      total 13824K, used 288K [0x00000000d5580000, 0x00000000d6500000, 0x0000000100000000)
  eden space 13312K, 0% used [0x00000000d5580000,0x00000000d5580000,0x00000000d6280000)
  from space 512K, 56% used [0x00000000d6280000,0x00000000d62c8000,0x00000000d6300000)
  to   space 512K, 0% used [0x00000000d6480000,0x00000000d6480000,0x00000000d6500000)
 ParOldGen       total 68608K, used 49245K [0x0000000080000000, 0x0000000084300000, 0x00000000d5580000)
  object space 68608K, 71% used [0x0000000080000000,0x00000000830174c8,0x0000000084300000)
 Metaspace       used 52342K, committed 53760K, reserved 1114112K
  class space    used 5725K, committed 6400K, reserved 1048576K
}
Event: 32.143 GC heap before
{Heap before GC invocations=36 (full 2):
 PSYoungGen      total 13824K, used 13600K [0x00000000d5580000, 0x00000000d6500000, 0x0000000100000000)
  eden space 13312K, 100% used [0x00000000d5580000,0x00000000d6280000,0x00000000d6280000)
  from space 512K, 56% used [0x00000000d6280000,0x00000000d62c8000,0x00000000d6300000)
  to   space 512K, 0% used [0x00000000d6480000,0x00000000d6480000,0x00000000d6500000)
 ParOldGen       total 68608K, used 49245K [0x0000000080000000, 0x0000000084300000, 0x00000000d5580000)
  object space 68608K, 71% used [0x0000000080000000,0x00000000830174c8,0x0000000084300000)
 Metaspace       used 54118K, committed 55552K, reserved 1114112K
  class space    used 5903K, committed 6528K, reserved 1048576K
}
Event: 32.146 GC heap after
{Heap after GC invocations=36 (full 2):
 PSYoungGen      total 13824K, used 480K [0x00000000d5580000, 0x00000000d6500000, 0x0000000100000000)
  eden space 13312K, 0% used [0x00000000d5580000,0x00000000d5580000,0x00000000d6280000)
  from space 512K, 93% used [0x00000000d6480000,0x00000000d64f8010,0x00000000d6500000)
  to   space 1024K, 0% used [0x00000000d6300000,0x00000000d6300000,0x00000000d6400000)
 ParOldGen       total 68608K, used 49453K [0x0000000080000000, 0x0000000084300000, 0x00000000d5580000)
  object space 68608K, 72% used [0x0000000080000000,0x000000008304b4c8,0x0000000084300000)
 Metaspace       used 54118K, committed 55552K, reserved 1114112K
  class space    used 5903K, committed 6528K, reserved 1048576K
}
Event: 33.179 GC heap before
{Heap before GC invocations=37 (full 2):
 PSYoungGen      total 13824K, used 13792K [0x00000000d5580000, 0x00000000d6500000, 0x0000000100000000)
  eden space 13312K, 100% used [0x00000000d5580000,0x00000000d6280000,0x00000000d6280000)
  from space 512K, 93% used [0x00000000d6480000,0x00000000d64f8010,0x00000000d6500000)
  to   space 1024K, 0% used [0x00000000d6300000,0x00000000d6300000,0x00000000d6400000)
 ParOldGen       total 68608K, used 49453K [0x0000000080000000, 0x0000000084300000, 0x00000000d5580000)
  object space 68608K, 72% used [0x0000000080000000,0x000000008304b4c8,0x0000000084300000)
 Metaspace       used 54720K, committed 56128K, reserved 1114112K
  class space    used 5942K, committed 6592K, reserved 1048576K
}
Event: 33.182 GC heap after
{Heap after GC invocations=37 (full 2):
 PSYoungGen      total 14336K, used 1012K [0x00000000d5580000, 0x00000000d6780000, 0x0000000100000000)
  eden space 13312K, 0% used [0x00000000d5580000,0x00000000d5580000,0x00000000d6280000)
  from space 1024K, 98% used [0x00000000d6300000,0x00000000d63fd108,0x00000000d6400000)
  to   space 2560K, 0% used [0x00000000d6500000,0x00000000d6500000,0x00000000d6780000)
 ParOldGen       total 68608K, used 50526K [0x0000000080000000, 0x0000000084300000, 0x00000000d5580000)
  object space 68608K, 73% used [0x0000000080000000,0x0000000083157900,0x0000000084300000)
 Metaspace       used 54720K, committed 56128K, reserved 1114112K
  class space    used 5942K, committed 6592K, reserved 1048576K
}
Event: 33.561 GC heap before
{Heap before GC invocations=38 (full 2):
 PSYoungGen      total 14336K, used 14324K [0x00000000d5580000, 0x00000000d6780000, 0x0000000100000000)
  eden space 13312K, 100% used [0x00000000d5580000,0x00000000d6280000,0x00000000d6280000)
  from space 1024K, 98% used [0x00000000d6300000,0x00000000d63fd108,0x00000000d6400000)
  to   space 2560K, 0% used [0x00000000d6500000,0x00000000d6500000,0x00000000d6780000)
 ParOldGen       total 68608K, used 50526K [0x0000000080000000, 0x0000000084300000, 0x00000000d5580000)
  object space 68608K, 73% used [0x0000000080000000,0x0000000083157900,0x0000000084300000)
 Metaspace       used 54809K, committed 56256K, reserved 1114112K
  class space    used 5949K, committed 6592K, reserved 1048576K
}
Event: 33.565 GC heap after
{Heap after GC invocations=38 (full 2):
 PSYoungGen      total 15360K, used 1781K [0x00000000d5580000, 0x00000000d6700000, 0x0000000100000000)
  eden space 13312K, 0% used [0x00000000d5580000,0x00000000d5580000,0x00000000d6280000)
  from space 2048K, 87% used [0x00000000d6500000,0x00000000d66bd7d8,0x00000000d6700000)
  to   space 2048K, 0% used [0x00000000d6300000,0x00000000d6300000,0x00000000d6500000)
 ParOldGen       total 68608K, used 51570K [0x0000000080000000, 0x0000000084300000, 0x00000000d5580000)
  object space 68608K, 75% used [0x0000000080000000,0x000000008325ca08,0x0000000084300000)
 Metaspace       used 54809K, committed 56256K, reserved 1114112K
  class space    used 5949K, committed 6592K, reserved 1048576K
}
Event: 33.807 GC heap before
{Heap before GC invocations=39 (full 2):
 PSYoungGen      total 15360K, used 15080K [0x00000000d5580000, 0x00000000d6700000, 0x0000000100000000)
  eden space 13312K, 99% used [0x00000000d5580000,0x00000000d627c980,0x00000000d6280000)
  from space 2048K, 87% used [0x00000000d6500000,0x00000000d66bd7d8,0x00000000d6700000)
  to   space 2048K, 0% used [0x00000000d6300000,0x00000000d6300000,0x00000000d6500000)
 ParOldGen       total 68608K, used 51570K [0x0000000080000000, 0x0000000084300000, 0x00000000d5580000)
  object space 68608K, 75% used [0x0000000080000000,0x000000008325ca08,0x0000000084300000)
 Metaspace       used 54827K, committed 56256K, reserved 1114112K
  class space    used 5949K, committed 6592K, reserved 1048576K
}
Event: 33.811 GC heap after
{Heap after GC invocations=39 (full 2):
 PSYoungGen      total 14336K, used 557K [0x00000000d5580000, 0x00000000d6580000, 0x0000000100000000)
  eden space 13312K, 0% used [0x00000000d5580000,0x00000000d5580000,0x00000000d6280000)
  from space 1024K, 54% used [0x00000000d6300000,0x00000000d638b6b0,0x00000000d6400000)
  to   space 1536K, 0% used [0x00000000d6400000,0x00000000d6400000,0x00000000d6580000)
 ParOldGen       total 68608K, used 52154K [0x0000000080000000, 0x0000000084300000, 0x00000000d5580000)
  object space 68608K, 76% used [0x0000000080000000,0x00000000832eea38,0x0000000084300000)
 Metaspace       used 54827K, committed 56256K, reserved 1114112K
  class space    used 5949K, committed 6592K, reserved 1048576K
}
Event: 34.238 GC heap before
{Heap before GC invocations=40 (full 2):
 PSYoungGen      total 14336K, used 13858K [0x00000000d5580000, 0x00000000d6580000, 0x0000000100000000)
  eden space 13312K, 99% used [0x00000000d5580000,0x00000000d627d1d8,0x00000000d6280000)
  from space 1024K, 54% used [0x00000000d6300000,0x00000000d638b6b0,0x00000000d6400000)
  to   space 1536K, 0% used [0x00000000d6400000,0x00000000d6400000,0x00000000d6580000)
 ParOldGen       total 68608K, used 52154K [0x0000000080000000, 0x0000000084300000, 0x00000000d5580000)
  object space 68608K, 76% used [0x0000000080000000,0x00000000832eea38,0x0000000084300000)
 Metaspace       used 55611K, committed 57088K, reserved 1114112K
  class space    used 5998K, committed 6656K, reserved 1048576K
}
Event: 34.242 GC heap after
{Heap after GC invocations=40 (full 2):
 PSYoungGen      total 14848K, used 1216K [0x00000000d5580000, 0x00000000d6580000, 0x0000000100000000)
  eden space 13312K, 0% used [0x00000000d5580000,0x00000000d5580000,0x00000000d6280000)
  from space 1536K, 79% used [0x00000000d6400000,0x00000000d6530030,0x00000000d6580000)
  to   space 1536K, 0% used [0x00000000d6280000,0x00000000d6280000,0x00000000d6400000)
 ParOldGen       total 68608K, used 52322K [0x0000000080000000, 0x0000000084300000, 0x00000000d5580000)
  object space 68608K, 76% used [0x0000000080000000,0x0000000083318a38,0x0000000084300000)
 Metaspace       used 55611K, committed 57088K, reserved 1114112K
  class space    used 5998K, committed 6656K, reserved 1048576K
}

