# JRE version: OpenJDK Runtime Environment Temurin-21.0.10+7 (21.0.10+7) (build 21.0.10+7-LTS)
# Java VM: OpenJDK 64-Bit Server VM Temurin-21.0.10+7 (21.0.10+7-LTS, mixed mode, sharing, tiered, compressed oops, compressed class ptrs, parallel gc, windows-amd64)
GC Precious Log:
 CardTable entry size: 512
 CPUs: 8 total, 8 available
 Memory: 8067M
 Large Page Support: Disabled
 NUMA Support: Disabled
 Compressed Oops: Enabled (32-bit)
 Alignments: Space 512K, Generation 512K, Heap 2M
 Heap Min Capacity: 100M
 Heap Initial Capacity: 100M
 Heap Max Capacity: 2G
 Pre-touch: Disabled
 Parallel Workers: 8
Heap:
 PSYoungGen      total 2560K, used 1211K [0x00000000d5580000, 0x00000000d5880000, 0x0000000100000000)
  eden space 1536K, 62% used [0x00000000d5580000,0x00000000d566ef60,0x00000000d5700000)
  from space 1024K, 25% used [0x00000000d5700000,0x00000000d5740000,0x00000000d5800000)
  to   space 512K, 0% used [0x00000000d5800000,0x00000000d5800000,0x00000000d5880000)
 ParOldGen       total 156672K, used 156224K [0x0000000080000000, 0x0000000089900000, 0x00000000d5580000)
  object space 156672K, 99% used [0x0000000080000000,0x0000000089890100,0x0000000089900000)
 Metaspace       used 69240K, committed 70784K, reserved 1114112K
  class space    used 7090K, committed 7808K, reserved 1048576K
GC Heap History (20 events):
Event: 79.533 GC heap before
{Heap before GC invocations=293 (full 3):
 PSYoungGen      total 2048K, used 1952K [0x00000000d5580000, 0x00000000d5880000, 0x0000000100000000)
  eden space 1536K, 100% used [0x00000000d5580000,0x00000000d5700000,0x00000000d5700000)
  from space 512K, 81% used [0x00000000d5780000,0x00000000d57e8000,0x00000000d5800000)
  to   space 512K, 0% used [0x00000000d5800000,0x00000000d5800000,0x00000000d5880000)
 ParOldGen       total 153088K, used 152949K [0x0000000080000000, 0x0000000089580000, 0x00000000d5580000)
  object space 153088K, 99% used [0x0000000080000000,0x000000008955d678,0x0000000089580000)
 Metaspace       used 68166K, committed 69696K, reserved 1114112K
  class space    used 6982K, committed 7680K, reserved 1048576K
}
Event: 79.534 GC heap after
{Heap after GC invocations=293 (full 3):
 PSYoungGen      total 2048K, used 282K [0x00000000d5580000, 0x00000000d5880000, 0x0000000100000000)
  eden space 1536K, 0% used [0x00000000d5580000,0x00000000d5580000,0x00000000d5700000)
  from space 512K, 55% used [0x00000000d5800000,0x00000000d5846900,0x00000000d5880000)
  to   space 512K, 0% used [0x00000000d5780000,0x00000000d5780000,0x00000000d5800000)
 ParOldGen       total 153600K, used 153197K [0x0000000080000000, 0x0000000089600000, 0x00000000d5580000)
  object space 153600K, 99% used [0x0000000080000000,0x000000008959b678,0x0000000089600000)
 Metaspace       used 68166K, committed 69696K, reserved 1114112K
  class space    used 6982K, committed 7680K, reserved 1048576K
}
Event: 79.537 GC heap before
{Heap before GC invocations=294 (full 3):
 PSYoungGen      total 2048K, used 1818K [0x00000000d5580000, 0x00000000d5880000, 0x0000000100000000)
  eden space 1536K, 99% used [0x00000000d5580000,0x00000000d56ffff0,0x00000000d5700000)
  from space 512K, 55% used [0x00000000d5800000,0x00000000d5846900,0x00000000d5880000)
  to   space 512K, 0% used [0x00000000d5780000,0x00000000d5780000,0x00000000d5800000)
 ParOldGen       total 153600K, used 153197K [0x0000000080000000, 0x0000000089600000, 0x00000000d5580000)
  object space 153600K, 99% used [0x0000000080000000,0x000000008959b678,0x0000000089600000)
 Metaspace       used 68166K, committed 69696K, reserved 1114112K
  class space    used 6982K, committed 7680K, reserved 1048576K
}
Event: 79.538 GC heap after
{Heap after GC invocations=294 (full 3):
 PSYoungGen      total 2048K, used 384K [0x00000000d5580000, 0x00000000d5880000, 0x0000000100000000)
  eden space 1536K, 0% used [0x00000000d5580000,0x00000000d5580000,0x00000000d5700000)
  from space 512K, 75% used [0x00000000d5780000,0x00000000d57e0000,0x00000000d5800000)
  to   space 512K, 0% used [0x00000000d5800000,0x00000000d5800000,0x00000000d5880000)
 ParOldGen       total 153600K, used 153362K [0x0000000080000000, 0x0000000089600000, 0x00000000d5580000)
  object space 153600K, 99% used [0x0000000080000000,0x00000000895c4888,0x0000000089600000)
 Metaspace       used 68166K, committed 69696K, reserved 1114112K
  class space    used 6982K, committed 7680K, reserved 1048576K
}
Event: 79.562 GC heap before
{Heap before GC invocations=295 (full 3):
 PSYoungGen      total 2048K, used 1913K [0x00000000d5580000, 0x00000000d5880000, 0x0000000100000000)
  eden space 1536K, 99% used [0x00000000d5580000,0x00000000d56fe778,0x00000000d5700000)
  from space 512K, 75% used [0x00000000d5780000,0x00000000d57e0000,0x00000000d5800000)
  to   space 512K, 0% used [0x00000000d5800000,0x00000000d5800000,0x00000000d5880000)
 ParOldGen       total 153600K, used 153362K [0x0000000080000000, 0x0000000089600000, 0x00000000d5580000)
  object space 153600K, 99% used [0x0000000080000000,0x00000000895c4888,0x0000000089600000)
 Metaspace       used 68196K, committed 69696K, reserved 1114112K
  class space    used 6989K, committed 7680K, reserved 1048576K
}
Event: 79.564 GC heap after
{Heap after GC invocations=295 (full 3):
 PSYoungGen      total 2048K, used 352K [0x00000000d5580000, 0x00000000d5880000, 0x0000000100000000)
  eden space 1536K, 0% used [0x00000000d5580000,0x00000000d5580000,0x00000000d5700000)
  from space 512K, 68% used [0x00000000d5800000,0x00000000d5858000,0x00000000d5880000)
  to   space 512K, 0% used [0x00000000d5780000,0x00000000d5780000,0x00000000d5800000)
 ParOldGen       total 154112K, used 153682K [0x0000000080000000, 0x0000000089680000, 0x00000000d5580000)
  object space 154112K, 99% used [0x0000000080000000,0x0000000089614888,0x0000000089680000)
 Metaspace       used 68196K, committed 69696K, reserved 1114112K
  class space    used 6989K, committed 7680K, reserved 1048576K
}
Event: 79.589 GC heap before
{Heap before GC invocations=296 (full 3):
 PSYoungGen      total 2048K, used 1887K [0x00000000d5580000, 0x00000000d5880000, 0x0000000100000000)
  eden space 1536K, 99% used [0x00000000d5580000,0x00000000d56ffff8,0x00000000d5700000)
  from space 512K, 68% used [0x00000000d5800000,0x00000000d5858000,0x00000000d5880000)
  to   space 512K, 0% used [0x00000000d5780000,0x00000000d5780000,0x00000000d5800000)
 ParOldGen       total 154112K, used 153682K [0x0000000080000000, 0x0000000089680000, 0x00000000d5580000)
  object space 154112K, 99% used [0x0000000080000000,0x0000000089614888,0x0000000089680000)
 Metaspace       used 68349K, committed 69888K, reserved 1114112K
  class space    used 6996K, committed 7680K, reserved 1048576K
}
Event: 79.590 GC heap after
{Heap after GC invocations=296 (full 3):
 PSYoungGen      total 2048K, used 272K [0x00000000d5580000, 0x00000000d5880000, 0x0000000100000000)
  eden space 1536K, 0% used [0x00000000d5580000,0x00000000d5580000,0x00000000d5700000)
  from space 512K, 53% used [0x00000000d5780000,0x00000000d57c4030,0x00000000d5800000)
  to   space 512K, 0% used [0x00000000d5800000,0x00000000d5800000,0x00000000d5880000)
 ParOldGen       total 154112K, used 153918K [0x0000000080000000, 0x0000000089680000, 0x00000000d5580000)
  object space 154112K, 99% used [0x0000000080000000,0x000000008964fb18,0x0000000089680000)
 Metaspace       used 68349K, committed 69888K, reserved 1114112K
  class space    used 6996K, committed 7680K, reserved 1048576K
}
Event: 79.596 GC heap before
{Heap before GC invocations=297 (full 3):
 PSYoungGen      total 2048K, used 1788K [0x00000000d5580000, 0x00000000d5880000, 0x0000000100000000)
  eden space 1536K, 98% used [0x00000000d5580000,0x00000000d56fb290,0x00000000d5700000)
  from space 512K, 53% used [0x00000000d5780000,0x00000000d57c4030,0x00000000d5800000)
  to   space 512K, 0% used [0x00000000d5800000,0x00000000d5800000,0x00000000d5880000)
 ParOldGen       total 154112K, used 153918K [0x0000000080000000, 0x0000000089680000, 0x00000000d5580000)
  object space 154112K, 99% used [0x0000000080000000,0x000000008964fb18,0x0000000089680000)
 Metaspace       used 68376K, committed 69888K, reserved 1114112K
  class space    used 6998K, committed 7680K, reserved 1048576K
}
Event: 79.597 GC heap after
{Heap after GC invocations=297 (full 3):
 PSYoungGen      total 2048K, used 287K [0x00000000d5580000, 0x00000000d5880000, 0x0000000100000000)
  eden space 1536K, 0% used [0x00000000d5580000,0x00000000d5580000,0x00000000d5700000)
  from space 512K, 56% used [0x00000000d5800000,0x00000000d5847d48,0x00000000d5880000)
  to   space 512K, 0% used [0x00000000d5780000,0x00000000d5780000,0x00000000d5800000)
 ParOldGen       total 154112K, used 154078K [0x0000000080000000, 0x0000000089680000, 0x00000000d5580000)
  object space 154112K, 99% used [0x0000000080000000,0x0000000089677b38,0x0000000089680000)
 Metaspace       used 68376K, committed 69888K, reserved 1114112K
  class space    used 6998K, committed 7680K, reserved 1048576K
}
Event: 79.602 GC heap before
{Heap before GC invocations=298 (full 3):
 PSYoungGen      total 2048K, used 1823K [0x00000000d5580000, 0x00000000d5880000, 0x0000000100000000)
  eden space 1536K, 100% used [0x00000000d5580000,0x00000000d5700000,0x00000000d5700000)
  from space 512K, 56% used [0x00000000d5800000,0x00000000d5847d48,0x00000000d5880000)
  to   space 512K, 0% used [0x00000000d5780000,0x00000000d5780000,0x00000000d5800000)
 ParOldGen       total 154112K, used 154078K [0x0000000080000000, 0x0000000089680000, 0x00000000d5580000)
  object space 154112K, 99% used [0x0000000080000000,0x0000000089677b38,0x0000000089680000)
 Metaspace       used 68441K, committed 69952K, reserved 1114112K
  class space    used 7000K, committed 7680K, reserved 1048576K
}
Event: 79.604 GC heap after
{Heap after GC invocations=298 (full 3):
 PSYoungGen      total 2048K, used 384K [0x00000000d5580000, 0x00000000d5880000, 0x0000000100000000)
  eden space 1536K, 0% used [0x00000000d5580000,0x00000000d5580000,0x00000000d5700000)
  from space 512K, 75% used [0x00000000d5780000,0x00000000d57e0000,0x00000000d5800000)
  to   space 512K, 0% used [0x00000000d5800000,0x00000000d5800000,0x00000000d5880000)
 ParOldGen       total 154624K, used 154219K [0x0000000080000000, 0x0000000089700000, 0x00000000d5580000)
  object space 154624K, 99% used [0x0000000080000000,0x000000008969ad48,0x0000000089700000)
 Metaspace       used 68441K, committed 69952K, reserved 1114112K
  class space    used 7000K, committed 7680K, reserved 1048576K
}
Event: 79.611 GC heap before
{Heap before GC invocations=299 (full 3):
 PSYoungGen      total 2048K, used 1920K [0x00000000d5580000, 0x00000000d5880000, 0x0000000100000000)
  eden space 1536K, 100% used [0x00000000d5580000,0x00000000d5700000,0x00000000d5700000)
  from space 512K, 75% used [0x00000000d5780000,0x00000000d57e0000,0x00000000d5800000)
  to   space 512K, 0% used [0x00000000d5800000,0x00000000d5800000,0x00000000d5880000)
 ParOldGen       total 154624K, used 154219K [0x0000000080000000, 0x0000000089700000, 0x00000000d5580000)
  object space 154624K, 99% used [0x0000000080000000,0x000000008969ad48,0x0000000089700000)
 Metaspace       used 68473K, committed 69952K, reserved 1114112K
  class space    used 7003K, committed 7680K, reserved 1048576K
}
Event: 79.613 GC heap after
{Heap after GC invocations=299 (full 3):
 PSYoungGen      total 2048K, used 288K [0x00000000d5580000, 0x00000000d5880000, 0x0000000100000000)
  eden space 1536K, 0% used [0x00000000d5580000,0x00000000d5580000,0x00000000d5700000)
  from space 512K, 56% used [0x00000000d5800000,0x00000000d5848298,0x00000000d5880000)
  to   space 512K, 0% used [0x00000000d5780000,0x00000000d5780000,0x00000000d5800000)
 ParOldGen       total 154624K, used 154531K [0x0000000080000000, 0x0000000089700000, 0x00000000d5580000)
  object space 154624K, 99% used [0x0000000080000000,0x00000000896e8d48,0x0000000089700000)
 Metaspace       used 68473K, committed 69952K, reserved 1114112K
  class space    used 7003K, committed 7680K, reserved 1048576K
}
Event: 79.643 GC heap before
{Heap before GC invocations=300 (full 3):
 PSYoungGen      total 2048K, used 1824K [0x00000000d5580000, 0x00000000d5880000, 0x0000000100000000)
  eden space 1536K, 100% used [0x00000000d5580000,0x00000000d5700000,0x00000000d5700000)
  from space 512K, 56% used [0x00000000d5800000,0x00000000d5848298,0x00000000d5880000)
  to   space 512K, 0% used [0x00000000d5780000,0x00000000d5780000,0x00000000d5800000)
 ParOldGen       total 154624K, used 154531K [0x0000000080000000, 0x0000000089700000, 0x00000000d5580000)
  object space 154624K, 99% used [0x0000000080000000,0x00000000896e8d48,0x0000000089700000)
 Metaspace       used 68568K, committed 70144K, reserved 1114112K
  class space    used 7009K, committed 7744K, reserved 1048576K
}
Event: 79.645 GC heap after
{Heap after GC invocations=300 (full 3):
 PSYoungGen      total 2048K, used 512K [0x00000000d5580000, 0x00000000d5900000, 0x0000000100000000)
  eden space 1536K, 0% used [0x00000000d5580000,0x00000000d5580000,0x00000000d5700000)
  from space 512K, 100% used [0x00000000d5780000,0x00000000d5800000,0x00000000d5800000)
  to   space 1024K, 0% used [0x00000000d5800000,0x00000000d5800000,0x00000000d5900000)
 ParOldGen       total 155136K, used 154720K [0x0000000080000000, 0x0000000089780000, 0x00000000d5580000)
  object space 155136K, 99% used [0x0000000080000000,0x00000000897180f0,0x0000000089780000)
 Metaspace       used 68568K, committed 70144K, reserved 1114112K
  class space    used 7009K, committed 7744K, reserved 1048576K
}
Event: 79.785 GC heap before
{Heap before GC invocations=301 (full 3):
 PSYoungGen      total 2048K, used 2048K [0x00000000d5580000, 0x00000000d5900000, 0x0000000100000000)
  eden space 1536K, 100% used [0x00000000d5580000,0x00000000d5700000,0x00000000d5700000)
  from space 512K, 100% used [0x00000000d5780000,0x00000000d5800000,0x00000000d5800000)
  to   space 1024K, 0% used [0x00000000d5800000,0x00000000d5800000,0x00000000d5900000)
 ParOldGen       total 155136K, used 154720K [0x0000000080000000, 0x0000000089780000, 0x00000000d5580000)
  object space 155136K, 99% used [0x0000000080000000,0x00000000897180f0,0x0000000089780000)
 Metaspace       used 68720K, committed 70272K, reserved 1114112K
  class space    used 7032K, committed 7744K, reserved 1048576K
}
Event: 79.788 GC heap after
{Heap after GC invocations=301 (full 3):
 PSYoungGen      total 2048K, used 256K [0x00000000d5580000, 0x00000000d5880000, 0x0000000100000000)
  eden space 1536K, 0% used [0x00000000d5580000,0x00000000d5580000,0x00000000d5700000)
  from space 512K, 50% used [0x00000000d5800000,0x00000000d5840000,0x00000000d5880000)
  to   space 512K, 0% used [0x00000000d5780000,0x00000000d5780000,0x00000000d5800000)
 ParOldGen       total 155136K, used 155064K [0x0000000080000000, 0x0000000089780000, 0x00000000d5580000)
  object space 155136K, 99% used [0x0000000080000000,0x000000008976e0f0,0x0000000089780000)
 Metaspace       used 68720K, committed 70272K, reserved 1114112K
  class space    used 7032K, committed 7744K, reserved 1048576K
}
Event: 79.849 GC heap before
{Heap before GC invocations=302 (full 3):
 PSYoungGen      total 2048K, used 1792K [0x00000000d5580000, 0x00000000d5880000, 0x0000000100000000)
  eden space 1536K, 100% used [0x00000000d5580000,0x00000000d5700000,0x00000000d5700000)
  from space 512K, 50% used [0x00000000d5800000,0x00000000d5840000,0x00000000d5880000)
  to   space 512K, 0% used [0x00000000d5780000,0x00000000d5780000,0x00000000d5800000)
 ParOldGen       total 155136K, used 155064K [0x0000000080000000, 0x0000000089780000, 0x00000000d5580000)
  object space 155136K, 99% used [0x0000000080000000,0x000000008976e0f0,0x0000000089780000)
 Metaspace       used 68843K, committed 70336K, reserved 1114112K
  class space    used 7045K, committed 7744K, reserved 1048576K
}
Event: 79.852 GC heap after
{Heap after GC invocations=302 (full 3):
 PSYoungGen      total 2048K, used 496K [0x00000000d5580000, 0x00000000d5900000, 0x0000000100000000)
  eden space 1536K, 0% used [0x00000000d5580000,0x00000000d5580000,0x00000000d5700000)
  from space 512K, 96% used [0x00000000d5780000,0x00000000d57fc010,0x00000000d5800000)
  to   space 1024K, 0% used [0x00000000d5800000,0x00000000d5800000,0x00000000d5900000)
 ParOldGen       total 155648K, used 155376K [0x0000000080000000, 0x0000000089800000, 0x00000000d5580000)
  object space 155648K, 99% used [0x0000000080000000,0x00000000897bc0f0,0x0000000089800000)
 Metaspace       used 68843K, committed 70336K, reserved 1114112K
  class space    used 7045K, committed 7744K, reserved 1048576K
}

